<?xml version="1.0" encoding="UTF-8"?>
<testsuite xmlns:xsi="http://www.w3.org/2001/XMLSchema-instance" xsi:noNamespaceSchemaLocation="https://maven.apache.org/surefire/maven-surefire-plugin/xsd/surefire-test-report-3.0.xsd" version="3.0" name="org.apache.nifi.processors.nifiredisbatch.MyProcessorTest" time="0.084" tests="1" errors="0" skipped="0" failures="0">
  <properties>
    <property name="java.specification.version" value="21"/>
    <property name="sun.jnu.encoding" value="UTF-8"/>
    <property name="java.class.path" value="/home/aalghanim/nifi-redis/nifi-redis-batch-insert-processor/nifi-nifiredisbatch-processors/target/test-classes:/home/aalghanim/nifi-redis/nifi-redis-batch-insert-processor/nifi-nifiredisbatch-processors/target/classes:/home/aalghanim/.m2/repository/org/apache/nifi/nifi-api/2.0.0-M2/nifi-api-2.0.0-M2.jar:/home/aalghanim/.m2/repository/org/apache/nifi/nifi-utils/2.0.0-M2/nifi-utils-2.0.0-M2.jar:/home/aalghanim/.m2/repository/org/apache/nifi/nifi-mock/2.0.0-M2/nifi-mock-2.0.0-M2.jar:/home/aalghanim/.m2/repository/org/apache/nifi/nifi-framework-api/2.0.0-M2/nifi-framework-api-2.0.0-M2.jar:/home/aalghanim/.m2/repository/org/apache/nifi/nifi-parameter/2.0.0-M2/nifi-parameter-2.0.0-M2.jar:/home/aalghanim/.m2/repository/org/apache/nifi/nifi-framework-core-api/2.0.0-M2/nifi-framework-core-api-2.0.0-M2.jar:/home/aalghanim/.m2/repository/org/apache/nifi/nifi-framework-nar-utils/2.0.0-M2/nifi-framework-nar-utils-2.0.0-M2.jar:/home/aalghanim/.m2/repository/org/apache/nifi/nifi-python-framework-api/2.0.0-M2/nifi-python-framework-api-2.0.0-M2.jar:/home/aalghanim/.m2/repository/org/apache/nifi/nifi-runtime-manifest-core/2.0.0-M2/nifi-runtime-manifest-core-2.0.0-M2.jar:/home/aalghanim/.m2/repository/org/apache/nifi/nifi-extension-manifest-model/2.0.0-M2/nifi-extension-manifest-model-2.0.0-M2.jar:/home/aalghanim/.m2/repository/javax/validation/validation-api/2.0.1.Final/validation-api-2.0.1.Final.jar:/home/aalghanim/.m2/repository/org/apache/nifi/nifi-extension-manifest-parser/2.0.0-M2/nifi-extension-manifest-parser-2.0.0-M2.jar:/home/aalghanim/.m2/repository/org/apache/nifi/nifi-client-dto/2.0.0-M2/nifi-client-dto-2.0.0-M2.jar:/home/aalghanim/.m2/repository/io/swagger/core/v3/swagger-annotations/2.2.20/swagger-annotations-2.2.20.jar:/home/aalghanim/.m2/repository/org/apache/nifi/c2-protocol-component-api/2.0.0-M2/c2-protocol-component-api-2.0.0-M2.jar:/home/aalghanim/.m2/repository/org/apache/nifi/nifi-site-to-site-client/2.0.0-M2/nifi-site-to-site-client-2.0.0-M2.jar:/home/aalghanim/.m2/repository/org/apache/nifi/nifi-security-ssl/2.0.0-M2/nifi-security-ssl-2.0.0-M2.jar:/home/aalghanim/.m2/repository/org/apache/nifi/nifi-security-cert/2.0.0-M2/nifi-security-cert-2.0.0-M2.jar:/home/aalghanim/.m2/repository/org/apache/nifi/nifi-xml-processing/2.0.0-M2/nifi-xml-processing-2.0.0-M2.jar:/home/aalghanim/.m2/repository/org/apache/httpcomponents/httpclient/4.5.14/httpclient-4.5.14.jar:/home/aalghanim/.m2/repository/org/apache/httpcomponents/httpcore/4.4.16/httpcore-4.4.16.jar:/home/aalghanim/.m2/repository/org/apache/httpcomponents/httpasyncclient/4.1.5/httpasyncclient-4.1.5.jar:/home/aalghanim/.m2/repository/org/apache/httpcomponents/httpcore-nio/4.4.15/httpcore-nio-4.4.15.jar:/home/aalghanim/.m2/repository/org/glassfish/jaxb/jaxb-runtime/4.0.4/jaxb-runtime-4.0.4.jar:/home/aalghanim/.m2/repository/org/glassfish/jaxb/jaxb-core/4.0.4/jaxb-core-4.0.4.jar:/home/aalghanim/.m2/repository/org/eclipse/angus/angus-activation/2.0.1/angus-activation-2.0.1.jar:/home/aalghanim/.m2/repository/org/glassfish/jaxb/txw2/4.0.4/txw2-4.0.4.jar:/home/aalghanim/.m2/repository/com/sun/istack/istack-commons-runtime/4.1.2/istack-commons-runtime-4.1.2.jar:/home/aalghanim/.m2/repository/org/apache/commons/commons-lang3/3.14.0/commons-lang3-3.14.0.jar:/home/aalghanim/.m2/repository/org/apache/nifi/nifi-framework-authorization/2.0.0-M2/nifi-framework-authorization-2.0.0-M2.jar:/home/aalghanim/.m2/repository/jakarta/xml/bind/jakarta.xml.bind-api/4.0.1/jakarta.xml.bind-api-4.0.1.jar:/home/aalghanim/.m2/repository/jakarta/activation/jakarta.activation-api/2.1.2/jakarta.activation-api-2.1.2.jar:/home/aalghanim/.m2/repository/org/apache/nifi/nifi-stateless-api/2.0.0-M2/nifi-stateless-api-2.0.0-M2.jar:/home/aalghanim/.m2/repository/org/apache/nifi/nifi-expression-language/2.0.0-M2/nifi-expression-language-2.0.0-M2.jar:/home/aalghanim/.m2/repository/org/antlr/antlr-runtime/3.5.3/antlr-runtime-3.5.3.jar:/home/aalghanim/.m2/repository/org/apache/nifi/nifi-uuid5/2.0.0-M2/nifi-uuid5-2.0.0-M2.jar:/home/aalghanim/.m2/repository/com/jayway/jsonpath/json-path/2.9.0/json-path-2.9.0.jar:/home/aalghanim/.m2/repository/net/minidev/json-smart/2.5.0/json-smart-2.5.0.jar:/home/aalghanim/.m2/repository/net/minidev/accessors-smart/2.5.0/accessors-smart-2.5.0.jar:/home/aalghanim/.m2/repository/org/ow2/asm/asm/9.6/asm-9.6.jar:/home/aalghanim/.m2/repository/org/apache/commons/commons-text/1.11.0/commons-text-1.11.0.jar:/home/aalghanim/.m2/repository/commons-codec/commons-codec/1.16.0/commons-codec-1.16.0.jar:/home/aalghanim/.m2/repository/org/apache/nifi/nifi-data-provenance-utils/2.0.0-M2/nifi-data-provenance-utils-2.0.0-M2.jar:/home/aalghanim/.m2/repository/org/slf4j/slf4j-simple/2.0.11/slf4j-simple-2.0.11.jar:/home/aalghanim/.m2/repository/org/slf4j/slf4j-api/2.0.11/slf4j-api-2.0.11.jar:/home/aalghanim/.m2/repository/org/junit/jupiter/junit-jupiter-api/5.10.0/junit-jupiter-api-5.10.0.jar:/home/aalghanim/.m2/repository/org/opentest4j/opentest4j/1.3.0/opentest4j-1.3.0.jar:/home/aalghanim/.m2/repository/org/junit/platform/junit-platform-commons/1.10.0/junit-platform-commons-1.10.0.jar:/home/aalghanim/.m2/repository/org/apiguardian/apiguardian-api/1.1.2/apiguardian-api-1.1.2.jar:/home/aalghanim/.m2/repository/org/junit/jupiter/junit-jupiter-engine/5.10.0/junit-jupiter-engine-5.10.0.jar:/home/aalghanim/.m2/repository/org/junit/platform/junit-platform-engine/1.10.0/junit-platform-engine-1.10.0.jar:/home/aalghanim/.m2/repository/redis/clients/jedis/4.2.3/jedis-4.2.3.jar:/home/aalghanim/.m2/repository/org/apache/commons/commons-pool2/2.11.1/commons-pool2-2.11.1.jar:/home/aalghanim/.m2/repository/com/google/code/gson/gson/2.10.1/gson-2.10.1.jar:/home/aalghanim/.m2/repository/com/fasterxml/jackson/core/jackson-databind/2.14.0/jackson-databind-2.14.0.jar:/home/aalghanim/.m2/repository/com/fasterxml/jackson/core/jackson-core/2.14.0/jackson-core-2.14.0.jar:/home/aalghanim/.m2/repository/com/fasterxml/jackson/core/jackson-annotations/2.14.0/jackson-annotations-2.14.0.jar:/home/aalghanim/.m2/repository/org/junit/jupiter/junit-jupiter-params/5.10.0/junit-jupiter-params-5.10.0.jar:/home/aalghanim/.m2/repository/org/mockito/mockito-core/5.8.0/mockito-core-5.8.0.jar:/home/aalghanim/.m2/repository/net/bytebuddy/byte-buddy/1.14.10/byte-buddy-1.14.10.jar:/home/aalghanim/.m2/repository/net/bytebuddy/byte-buddy-agent/1.14.10/byte-buddy-agent-1.14.10.jar:/home/aalghanim/.m2/repository/org/objenesis/objenesis/3.3/objenesis-3.3.jar:/home/aalghanim/.m2/repository/org/mockito/mockito-junit-jupiter/5.8.0/mockito-junit-jupiter-5.8.0.jar:/home/aalghanim/.m2/repository/org/hamcrest/hamcrest-all/1.3/hamcrest-all-1.3.jar:"/>
    <property name="java.vm.vendor" value="Ubuntu"/>
    <property name="sun.arch.data.model" value="64"/>
    <property name="java.vendor.url" value="https://ubuntu.com/"/>
    <property name="os.name" value="Linux"/>
    <property name="java.vm.specification.version" value="21"/>
    <property name="sun.java.launcher" value="SUN_STANDARD"/>
    <property name="user.country" value="US"/>
    <property name="sun.boot.library.path" value="/usr/lib/jvm/java-21-openjdk-amd64/lib"/>
    <property name="sun.java.command" value="/home/aalghanim/nifi-redis/nifi-redis-batch-insert-processor/nifi-nifiredisbatch-processors/target/surefire/surefirebooter-20240922231309947_3.jar /home/aalghanim/nifi-redis/nifi-redis-batch-insert-processor/nifi-nifiredisbatch-processors/target/surefire 2024-09-22T23-13-09_909-jvmRun1 surefire-20240922231309947_1tmp surefire_0-20240922231309947_2tmp"/>
    <property name="jdk.debug" value="release"/>
    <property name="surefire.test.class.path" value="/home/aalghanim/nifi-redis/nifi-redis-batch-insert-processor/nifi-nifiredisbatch-processors/target/test-classes:/home/aalghanim/nifi-redis/nifi-redis-batch-insert-processor/nifi-nifiredisbatch-processors/target/classes:/home/aalghanim/.m2/repository/org/apache/nifi/nifi-api/2.0.0-M2/nifi-api-2.0.0-M2.jar:/home/aalghanim/.m2/repository/org/apache/nifi/nifi-utils/2.0.0-M2/nifi-utils-2.0.0-M2.jar:/home/aalghanim/.m2/repository/org/apache/nifi/nifi-mock/2.0.0-M2/nifi-mock-2.0.0-M2.jar:/home/aalghanim/.m2/repository/org/apache/nifi/nifi-framework-api/2.0.0-M2/nifi-framework-api-2.0.0-M2.jar:/home/aalghanim/.m2/repository/org/apache/nifi/nifi-parameter/2.0.0-M2/nifi-parameter-2.0.0-M2.jar:/home/aalghanim/.m2/repository/org/apache/nifi/nifi-framework-core-api/2.0.0-M2/nifi-framework-core-api-2.0.0-M2.jar:/home/aalghanim/.m2/repository/org/apache/nifi/nifi-framework-nar-utils/2.0.0-M2/nifi-framework-nar-utils-2.0.0-M2.jar:/home/aalghanim/.m2/repository/org/apache/nifi/nifi-python-framework-api/2.0.0-M2/nifi-python-framework-api-2.0.0-M2.jar:/home/aalghanim/.m2/repository/org/apache/nifi/nifi-runtime-manifest-core/2.0.0-M2/nifi-runtime-manifest-core-2.0.0-M2.jar:/home/aalghanim/.m2/repository/org/apache/nifi/nifi-extension-manifest-model/2.0.0-M2/nifi-extension-manifest-model-2.0.0-M2.jar:/home/aalghanim/.m2/repository/javax/validation/validation-api/2.0.1.Final/validation-api-2.0.1.Final.jar:/home/aalghanim/.m2/repository/org/apache/nifi/nifi-extension-manifest-parser/2.0.0-M2/nifi-extension-manifest-parser-2.0.0-M2.jar:/home/aalghanim/.m2/repository/org/apache/nifi/nifi-client-dto/2.0.0-M2/nifi-client-dto-2.0.0-M2.jar:/home/aalghanim/.m2/repository/io/swagger/core/v3/swagger-annotations/2.2.20/swagger-annotations-2.2.20.jar:/home/aalghanim/.m2/repository/org/apache/nifi/c2-protocol-component-api/2.0.0-M2/c2-protocol-component-api-2.0.0-M2.jar:/home/aalghanim/.m2/repository/org/apache/nifi/nifi-site-to-site-client/2.0.0-M2/nifi-site-to-site-client-2.0.0-M2.jar:/home/aalghanim/.m2/repository/org/apache/nifi/nifi-security-ssl/2.0.0-M2/nifi-security-ssl-2.0.0-M2.jar:/home/aalghanim/.m2/repository/org/apache/nifi/nifi-security-cert/2.0.0-M2/nifi-security-cert-2.0.0-M2.jar:/home/aalghanim/.m2/repository/org/apache/nifi/nifi-xml-processing/2.0.0-M2/nifi-xml-processing-2.0.0-M2.jar:/home/aalghanim/.m2/repository/org/apache/httpcomponents/httpclient/4.5.14/httpclient-4.5.14.jar:/home/aalghanim/.m2/repository/org/apache/httpcomponents/httpcore/4.4.16/httpcore-4.4.16.jar:/home/aalghanim/.m2/repository/org/apache/httpcomponents/httpasyncclient/4.1.5/httpasyncclient-4.1.5.jar:/home/aalghanim/.m2/repository/org/apache/httpcomponents/httpcore-nio/4.4.15/httpcore-nio-4.4.15.jar:/home/aalghanim/.m2/repository/org/glassfish/jaxb/jaxb-runtime/4.0.4/jaxb-runtime-4.0.4.jar:/home/aalghanim/.m2/repository/org/glassfish/jaxb/jaxb-core/4.0.4/jaxb-core-4.0.4.jar:/home/aalghanim/.m2/repository/org/eclipse/angus/angus-activation/2.0.1/angus-activation-2.0.1.jar:/home/aalghanim/.m2/repository/org/glassfish/jaxb/txw2/4.0.4/txw2-4.0.4.jar:/home/aalghanim/.m2/repository/com/sun/istack/istack-commons-runtime/4.1.2/istack-commons-runtime-4.1.2.jar:/home/aalghanim/.m2/repository/org/apache/commons/commons-lang3/3.14.0/commons-lang3-3.14.0.jar:/home/aalghanim/.m2/repository/org/apache/nifi/nifi-framework-authorization/2.0.0-M2/nifi-framework-authorization-2.0.0-M2.jar:/home/aalghanim/.m2/repository/jakarta/xml/bind/jakarta.xml.bind-api/4.0.1/jakarta.xml.bind-api-4.0.1.jar:/home/aalghanim/.m2/repository/jakarta/activation/jakarta.activation-api/2.1.2/jakarta.activation-api-2.1.2.jar:/home/aalghanim/.m2/repository/org/apache/nifi/nifi-stateless-api/2.0.0-M2/nifi-stateless-api-2.0.0-M2.jar:/home/aalghanim/.m2/repository/org/apache/nifi/nifi-expression-language/2.0.0-M2/nifi-expression-language-2.0.0-M2.jar:/home/aalghanim/.m2/repository/org/antlr/antlr-runtime/3.5.3/antlr-runtime-3.5.3.jar:/home/aalghanim/.m2/repository/org/apache/nifi/nifi-uuid5/2.0.0-M2/nifi-uuid5-2.0.0-M2.jar:/home/aalghanim/.m2/repository/com/jayway/jsonpath/json-path/2.9.0/json-path-2.9.0.jar:/home/aalghanim/.m2/repository/net/minidev/json-smart/2.5.0/json-smart-2.5.0.jar:/home/aalghanim/.m2/repository/net/minidev/accessors-smart/2.5.0/accessors-smart-2.5.0.jar:/home/aalghanim/.m2/repository/org/ow2/asm/asm/9.6/asm-9.6.jar:/home/aalghanim/.m2/repository/org/apache/commons/commons-text/1.11.0/commons-text-1.11.0.jar:/home/aalghanim/.m2/repository/commons-codec/commons-codec/1.16.0/commons-codec-1.16.0.jar:/home/aalghanim/.m2/repository/org/apache/nifi/nifi-data-provenance-utils/2.0.0-M2/nifi-data-provenance-utils-2.0.0-M2.jar:/home/aalghanim/.m2/repository/org/slf4j/slf4j-simple/2.0.11/slf4j-simple-2.0.11.jar:/home/aalghanim/.m2/repository/org/slf4j/slf4j-api/2.0.11/slf4j-api-2.0.11.jar:/home/aalghanim/.m2/repository/org/junit/jupiter/junit-jupiter-api/5.10.0/junit-jupiter-api-5.10.0.jar:/home/aalghanim/.m2/repository/org/opentest4j/opentest4j/1.3.0/opentest4j-1.3.0.jar:/home/aalghanim/.m2/repository/org/junit/platform/junit-platform-commons/1.10.0/junit-platform-commons-1.10.0.jar:/home/aalghanim/.m2/repository/org/apiguardian/apiguardian-api/1.1.2/apiguardian-api-1.1.2.jar:/home/aalghanim/.m2/repository/org/junit/jupiter/junit-jupiter-engine/5.10.0/junit-jupiter-engine-5.10.0.jar:/home/aalghanim/.m2/repository/org/junit/platform/junit-platform-engine/1.10.0/junit-platform-engine-1.10.0.jar:/home/aalghanim/.m2/repository/redis/clients/jedis/4.2.3/jedis-4.2.3.jar:/home/aalghanim/.m2/repository/org/apache/commons/commons-pool2/2.11.1/commons-pool2-2.11.1.jar:/home/aalghanim/.m2/repository/com/google/code/gson/gson/2.10.1/gson-2.10.1.jar:/home/aalghanim/.m2/repository/com/fasterxml/jackson/core/jackson-databind/2.14.0/jackson-databind-2.14.0.jar:/home/aalghanim/.m2/repository/com/fasterxml/jackson/core/jackson-core/2.14.0/jackson-core-2.14.0.jar:/home/aalghanim/.m2/repository/com/fasterxml/jackson/core/jackson-annotations/2.14.0/jackson-annotations-2.14.0.jar:/home/aalghanim/.m2/repository/org/junit/jupiter/junit-jupiter-params/5.10.0/junit-jupiter-params-5.10.0.jar:/home/aalghanim/.m2/repository/org/mockito/mockito-core/5.8.0/mockito-core-5.8.0.jar:/home/aalghanim/.m2/repository/net/bytebuddy/byte-buddy/1.14.10/byte-buddy-1.14.10.jar:/home/aalghanim/.m2/repository/net/bytebuddy/byte-buddy-agent/1.14.10/byte-buddy-agent-1.14.10.jar:/home/aalghanim/.m2/repository/org/objenesis/objenesis/3.3/objenesis-3.3.jar:/home/aalghanim/.m2/repository/org/mockito/mockito-junit-jupiter/5.8.0/mockito-junit-jupiter-5.8.0.jar:/home/aalghanim/.m2/repository/org/hamcrest/hamcrest-all/1.3/hamcrest-all-1.3.jar:"/>
    <property name="sun.cpu.endian" value="little"/>
    <property name="user.home" value="/home/aalghanim"/>
    <property name="user.language" value="en"/>
    <property name="java.specification.vendor" value="Oracle Corporation"/>
    <property name="java.version.date" value="2024-07-16"/>
    <property name="java.home" value="/usr/lib/jvm/java-21-openjdk-amd64"/>
    <property name="file.separator" value="/"/>
    <property name="basedir" value="/home/aalghanim/nifi-redis/nifi-redis-batch-insert-processor/nifi-nifiredisbatch-processors"/>
    <property name="java.vm.compressedOopsMode" value="Zero based"/>
    <property name="line.separator" value="&#10;"/>
    <property name="java.specification.name" value="Java Platform API Specification"/>
    <property name="java.vm.specification.vendor" value="Oracle Corporation"/>
    <property name="java.awt.headless" value="true"/>
    <property name="surefire.real.class.path" value="/home/aalghanim/nifi-redis/nifi-redis-batch-insert-processor/nifi-nifiredisbatch-processors/target/surefire/surefirebooter-20240922231309947_3.jar"/>
    <property name="sun.management.compiler" value="HotSpot 64-Bit Tiered Compilers"/>
    <property name="java.runtime.version" value="21.0.4+7-Ubuntu-1ubuntu224.04"/>
    <property name="user.name" value="aalghanim"/>
    <property name="stdout.encoding" value="UTF-8"/>
    <property name="path.separator" value=":"/>
    <property name="os.version" value="6.8.0-45-generic"/>
    <property name="java.runtime.name" value="OpenJDK Runtime Environment"/>
    <property name="file.encoding" value="UTF-8"/>
    <property name="java.vm.name" value="OpenJDK 64-Bit Server VM"/>
    <property name="localRepository" value="/home/aalghanim/.m2/repository"/>
    <property name="java.vendor.url.bug" value="https://bugs.launchpad.net/ubuntu/+source/openjdk-21"/>
    <property name="java.io.tmpdir" value="/tmp"/>
    <property name="java.version" value="21.0.4"/>
    <property name="user.dir" value="/home/aalghanim/nifi-redis/nifi-redis-batch-insert-processor/nifi-nifiredisbatch-processors"/>
    <property name="os.arch" value="amd64"/>
    <property name="java.vm.specification.name" value="Java Virtual Machine Specification"/>
    <property name="native.encoding" value="UTF-8"/>
    <property name="java.library.path" value="/usr/java/packages/lib:/usr/lib/x86_64-linux-gnu/jni:/lib/x86_64-linux-gnu:/usr/lib/x86_64-linux-gnu:/usr/lib/jni:/lib:/usr/lib"/>
    <property name="java.vm.info" value="mixed mode, sharing"/>
    <property name="stderr.encoding" value="UTF-8"/>
    <property name="java.vendor" value="Ubuntu"/>
    <property name="java.vm.version" value="21.0.4+7-Ubuntu-1ubuntu224.04"/>
    <property name="sun.io.unicode.encoding" value="UnicodeLittle"/>
    <property name="enforcer.skip" value="true"/>
    <property name="java.class.version" value="65.0"/>
  </properties>
  <testcase name="testProcessor" classname="org.apache.nifi.processors.nifiredisbatch.MyProcessorTest" time="0.071"/>
</testsuite>